<?xml version="1.0" encoding="UTF-8" ?>
<testsuite failures="0" time="0.005" errors="0" skipped="0" tests="0" name="com.flavius.app.jcompanyqa.AppSuiteTest">
  <properties>
    <property name="java.runtime.name" value="Java(TM) SE Runtime Environment"/>
    <property name="sun.boot.library.path" value="C:\powerlogic\jcompany55\java\jre\bin"/>
    <property name="java.vm.version" value="11.0-b15"/>
    <property name="java.vm.vendor" value="Sun Microsystems Inc."/>
    <property name="java.vendor.url" value="http://java.sun.com/"/>
    <property name="path.separator" value=";"/>
    <property name="java.vm.name" value="Java HotSpot(TM) Client VM"/>
    <property name="file.encoding.pkg" value="sun.io"/>
    <property name="user.country" value="BR"/>
    <property name="sun.java.launcher" value="SUN_STANDARD"/>
    <property name="sun.os.patch.level" value=""/>
    <property name="java.vm.specification.name" value="Java Virtual Machine Specification"/>
    <property name="user.dir" value="C:\powerlogic\jcompany55\meus_projetos\teste_flavius"/>
    <property name="java.runtime.version" value="1.6.0_10-rc2-b31"/>
    <property name="java.awt.graphicsenv" value="sun.awt.Win32GraphicsEnvironment"/>
    <property name="basedir" value="C:\powerlogic\jcompany55\meus_projetos\teste_flavius"/>
    <property name="java.endorsed.dirs" value="C:\powerlogic\jcompany55\java\jre\lib\endorsed"/>
    <property name="os.arch" value="x86"/>
    <property name="surefire.real.class.path" value="C:\Users\Flavius\AppData\Local\Temp\surefirebooter21924.jar"/>
    <property name="java.io.tmpdir" value="C:\Users\Flavius\AppData\Local\Temp\"/>
    <property name="line.separator" value="
"/>
    <property name="java.vm.specification.vendor" value="Sun Microsystems Inc."/>
    <property name="user.variant" value=""/>
    <property name="os.name" value="Windows Vista"/>
    <property name="sun.jnu.encoding" value="Cp1252"/>
    <property name="java.library.path" value="C:\powerlogic\jcompany55\java\jre\bin;.;C:\Windows\Sun\Java\bin;C:\Windows\system32;C:\Windows;C:/powerlogic/jcompany55/java/bin/../jre/bin/client;C:/powerlogic/jcompany55/java/bin/../jre/bin;C:\powerlogic\jcompany55\java\bin;C:\Program Files (x86)\Common Files\Oracle\Java\javapath;C:\Windows\system32;C:\Windows;C:\Windows\System32\Wbem;C:\Windows\System32\WindowsPowerShell\v1.0\;C:\Windows\System32\OpenSSH\;C:\Program Files\NVIDIA Corporation\NVIDIA NvDLISR;C:\Program Files (x86)\NVIDIA Corporation\PhysX\Common;C:\Program Files\Java\jdk-12.0.2\bin;C:\Program Files\Git\cmd;C:\Program Files\dotnet\;C:\Program Files\Microsoft SQL Server\130\Tools\Binn\;C:\Program Files\Microsoft SQL Server\Client SDK\ODBC\170\Tools\Binn\;C:\ProgramData\chocolatey\bin;C:\Program Files\nodejs\;C:\Program Files (x86)\Yarn\bin\;C:\Users\Flavius\AppData\Local\Microsoft\WindowsApps;C:\Users\Flavius\AppData\Roaming\npm;C:\Users\Flavius\AppData\Local\Yarn\bin"/>
    <property name="surefire.test.class.path" value="C:\powerlogic\jcompany55\meus_projetos\teste_flavius\target\test-classes;C:\powerlogic\jcompany55\meus_projetos\teste_flavius\target\classes;C:\powerlogic\jcompany55\repositorio\powerlogic\jcompany\jcompany_controle_jsf\5.5.6\jcompany_controle_jsf-5.5.6.jar;C:\powerlogic\jcompany55\repositorio\powerlogic\jcompany\jcompany_controle\5.5.6\jcompany_controle-5.5.6.jar;C:\powerlogic\jcompany55\repositorio\powerlogic\jcompany\jcompany_comuns\5.5.6\jcompany_comuns-5.5.6.jar;C:\powerlogic\jcompany55\repositorio\commons-io\commons-io\1.2\commons-io-1.2.jar;C:\powerlogic\jcompany55\repositorio\cglib\cglib\2.1_3\cglib-2.1_3.jar;C:\powerlogic\jcompany55\repositorio\asm\asm\1.5.3\asm-1.5.3.jar;C:\powerlogic\jcompany55\repositorio\commons-logging\commons-logging\1.0.4\commons-logging-1.0.4.jar;C:\powerlogic\jcompany55\repositorio\commons-collections\commons-collections\3.2\commons-collections-3.2.jar;C:\powerlogic\jcompany55\repositorio\commons-logging\commons-logging-api\1.0.4\commons-logging-api-1.0.4.jar;C:\powerlogic\jcompany55\repositorio\commons-digester\commons-digester\1.7\commons-digester-1.7.jar;C:\powerlogic\jcompany55\repositorio\commons-beanutils\commons-beanutils\1.7.0\commons-beanutils-1.7.0.jar;C:\powerlogic\jcompany55\repositorio\commons-lang\commons-lang\2.1\commons-lang-2.1.jar;C:\powerlogic\jcompany55\repositorio\javax\persistence\ejb3-persistence\3.1\ejb3-persistence-3.1.jar;C:\powerlogic\jcompany55\repositorio\hibernate\hibernate-annotations-plc\3.2.0\hibernate-annotations-plc-3.2.0.jar;C:\powerlogic\jcompany55\repositorio\log4j\log4j\1.2.13\log4j-1.2.13.jar;C:\powerlogic\jcompany55\repositorio\aspectwerkz\aspectwerkz\2.0\aspectwerkz-2.0.jar;C:\powerlogic\jcompany55\repositorio\javax\enterprise\cdi-api\1.0-SP1\cdi-api-1.0-SP1.jar;C:\powerlogic\jcompany55\repositorio\org\jboss\interceptor\jboss-interceptor-api\1.1\jboss-interceptor-api-1.1.jar;C:\powerlogic\jcompany55\repositorio\javax\annotation\jsr250-api\1.0\jsr250-api-1.0.jar;C:\powerlogic\jcompany55\repositorio\javax\inject\javax.inject\1\javax.inject-1.jar;C:\powerlogic\jcompany55\repositorio\org\jboss\weld\weld-api\1.0-SP1\weld-api-1.0-SP1.jar;C:\powerlogic\jcompany55\repositorio\org\jboss\weld\weld-spi\1.0-SP1\weld-spi-1.0-SP1.jar;C:\powerlogic\jcompany55\repositorio\org\jboss\weld\weld-core\1.0.1-Final\weld-core-1.0.1-Final.jar;C:\powerlogic\jcompany55\repositorio\javassist\javassist\3.12.0.GA\javassist-3.12.0.GA.jar;C:\powerlogic\jcompany55\repositorio\com\google\collections\google-collections\1.0\google-collections-1.0.jar;C:\powerlogic\jcompany55\repositorio\org\jboss\interceptor\jboss-interceptor\1.0.0-CR11\jboss-interceptor-1.0.0-CR11.jar;C:\powerlogic\jcompany55\repositorio\org\slf4j\slf4j-api\1.5.10\slf4j-api-1.5.10.jar;C:\powerlogic\jcompany55\repositorio\org\slf4j\slf4j-ext\1.5.10\slf4j-ext-1.5.10.jar;C:\powerlogic\jcompany55\repositorio\ch\qos\cal10n\cal10n-api\0.7.2\cal10n-api-0.7.2.jar;C:\powerlogic\jcompany55\repositorio\org\jboss\weld\weld-logging\1.0.0-CR1-SP1\weld-logging-1.0.0-CR1-SP1.jar;C:\powerlogic\jcompany55\repositorio\org\jboss\weld\servlet\weld-servlet-int\1.0.1-Final-plc\weld-servlet-int-1.0.1-Final-plc.jar;C:\powerlogic\jcompany55\repositorio\javax\faces\jsf-api\1.2_09\jsf-api-1.2_09.jar;C:\powerlogic\jcompany55\repositorio\dom4j\dom4j\1.6.1\dom4j-1.6.1.jar;C:\powerlogic\jcompany55\repositorio\xml-apis\xml-apis\1.0.b2\xml-apis-1.0.b2.jar;C:\powerlogic\jcompany55\repositorio\javax\validation\validation-api\1.0.CR4\validation-api-1.0.CR4.jar;C:\powerlogic\jcompany55\repositorio\org\hibernate\hibernate-validator\4.0.0.Beta3\hibernate-validator-4.0.0.Beta3.jar;C:\powerlogic\jcompany55\repositorio\javax\xml\bind\jaxb-api\2.1\jaxb-api-2.1.jar;C:\powerlogic\jcompany55\repositorio\javax\xml\stream\stax-api\1.0-2\stax-api-1.0-2.jar;C:\powerlogic\jcompany55\repositorio\javax\activation\activation\1.1\activation-1.1.jar;C:\powerlogic\jcompany55\repositorio\com\sun\xml\bind\jaxb-impl\2.1.9\jaxb-impl-2.1.9.jar;C:\powerlogic\jcompany55\repositorio\com\thoughtworks\xstream\xstream\1.3.1\xstream-1.3.1.jar;C:\powerlogic\jcompany55\repositorio\xpp3\xpp3_min\1.1.3.4.O\xpp3_min-1.1.3.4.O.jar;C:\powerlogic\jcompany55\repositorio\antlr\antlr\2.7.6\antlr-2.7.6.jar;C:\powerlogic\jcompany55\repositorio\commons-fileupload\commons-fileupload\1.1\commons-fileupload-1.1.jar;C:\powerlogic\jcompany55\repositorio\oro\oro\2.0.8\oro-2.0.8.jar;C:\powerlogic\jcompany55\repositorio\commons-validator\commons-validator\1.2.0\commons-validator-1.2.0.jar;C:\powerlogic\jcompany55\repositorio\com\lowagie\itext\1.3.1\itext-1.3.1.jar;C:\powerlogic\jcompany55\repositorio\jasperreports\commons-javaflow\1.2.4\commons-javaflow-1.2.4.jar;C:\powerlogic\jcompany55\repositorio\javax\servlet\jstl\1.2\jstl-1.2.jar;C:\powerlogic\jcompany55\repositorio\poi\poi\2.5.1-final-20040804\poi-2.5.1-final-20040804.jar;C:\powerlogic\jcompany55\repositorio\struts\struts-el\1.2.7\struts-el-1.2.7.jar;C:\powerlogic\jcompany55\repositorio\struts\struts-plc\1.2.7-2\struts-plc-1.2.7-2.jar;C:\powerlogic\jcompany55\repositorio\org\jboss\resteasy\resteasy-jaxrs\1.1.GA\resteasy-jaxrs-1.1.GA.jar;C:\powerlogic\jcompany55\repositorio\org\jboss\resteasy\jaxrs-api\1.1.GA\jaxrs-api-1.1.GA.jar;C:\powerlogic\jcompany55\repositorio\org\slf4j\slf4j-simple\1.5.8\slf4j-simple-1.5.8.jar;C:\powerlogic\jcompany55\repositorio\org\scannotation\scannotation\1.0.2\scannotation-1.0.2.jar;C:\powerlogic\jcompany55\repositorio\commons-httpclient\commons-httpclient\3.1-beta1\commons-httpclient-3.1-beta1.jar;C:\powerlogic\jcompany55\repositorio\commons-codec\commons-codec\1.2\commons-codec-1.2.jar;C:\powerlogic\jcompany55\repositorio\org\jboss\resteasy\resteasy-jaxb-provider\1.1.GA\resteasy-jaxb-provider-1.1.GA.jar;C:\powerlogic\jcompany55\repositorio\com\sun\xml\fastinfoset\FastInfoset\1.2.7\FastInfoset-1.2.7.jar;C:\powerlogic\jcompany55\repositorio\com\sun\xml\stream\sjsxp\1.0.1\sjsxp-1.0.1.jar;C:\powerlogic\jcompany55\repositorio\org\codehaus\jettison\jettison\1.1\jettison-1.1.jar;C:\powerlogic\jcompany55\repositorio\org\jboss\resteasy\resteasy-atom-provider\1.1.GA\resteasy-atom-provider-1.1.GA.jar;C:\powerlogic\jcompany55\repositorio\net\sf\json-lib\json-lib\2.2.3\json-lib-2.2.3-jdk15.jar;C:\powerlogic\jcompany55\repositorio\net\sf\ezmorph\ezmorph\1.0.6\ezmorph-1.0.6.jar;C:\powerlogic\jcompany55\repositorio\jboss\jbossall-client\3.2.3\jbossall-client-3.2.3.jar;C:\powerlogic\jcompany55\repositorio\org\jboss\seam\jboss-seam\2.2.0.GA\jboss-seam-2.2.0.GA.jar;C:\powerlogic\jcompany55\repositorio\org\jboss\el\jboss-el\1.0_02.CR4\jboss-el-1.0_02.CR4.jar;C:\powerlogic\jcompany55\repositorio\org\jboss\seam\jboss-seam-ui\2.2.0.GA\jboss-seam-ui-2.2.0.GA.jar;C:\powerlogic\jcompany55\repositorio\org\jboss\seam\jboss-seam-jul\2.2.0.GA\jboss-seam-jul-2.2.0.GA.jar;C:\powerlogic\jcompany55\repositorio\org\jboss\seam\jboss-seam-ioc\2.2.0.GA\jboss-seam-ioc-2.2.0.GA.jar;C:\powerlogic\jcompany55\repositorio\javax\faces\jsf-impl\1.2_08\jsf-impl-1.2_08.jar;C:\powerlogic\jcompany55\repositorio\org\apache\myfaces\trinidad\trinidad-api\1.2.13\trinidad-api-1.2.13.jar;C:\powerlogic\jcompany55\repositorio\org\apache\myfaces\trinidad\trinidad-impl\1.2.13\trinidad-impl-1.2.13.jar;C:\powerlogic\jcompany55\repositorio\com\sun\facelets\jsf-facelets\1.1.14\jsf-facelets-1.1.14.jar;C:\powerlogic\jcompany55\repositorio\yarfraw\yarfraw\0.91\yarfraw-0.91.jar;C:\powerlogic\jcompany55\repositorio\javax\servlet\servlet-api\2.5\servlet-api-2.5.jar;C:\powerlogic\jcompany55\repositorio\velocity\velocity\1.5\velocity-1.5.jar;C:\powerlogic\jcompany55\repositorio\powerlogic\comuns\plc-comuns-io\1.2\plc-comuns-io-1.2.jar;C:\powerlogic\jcompany55\repositorio\jregex\jregex\1.2_01\jregex-1.2_01.jar;C:\powerlogic\jcompany55\repositorio\jaxen\jaxen\1.1.1\jaxen-1.1.1.jar;C:\powerlogic\jcompany55\repositorio\jdom\jdom\1.0\jdom-1.0.jar;C:\powerlogic\jcompany55\repositorio\xerces\xercesImpl\2.9.1\xercesImpl-2.9.1.jar;C:\powerlogic\jcompany55\repositorio\xom\xom\1.1\xom-1.1.jar;C:\powerlogic\jcompany55\repositorio\xerces\xmlParserAPIs\2.6.2\xmlParserAPIs-2.6.2.jar;C:\powerlogic\jcompany55\repositorio\xalan\xalan\2.7.0\xalan-2.7.0.jar;C:\powerlogic\jcompany55\meus_projetos\teste_flavius_comuns\target\teste_flavius_comuns.jar;C:\powerlogic\jcompany55\repositorio\powerlogic\jcompany\jcompany_doc\5.5.6\jcompany_doc-5.5.6.jar;C:\powerlogic\jcompany55\repositorio\powerlogic\app\teste_flavius_modelo\1.0\teste_flavius_modelo-1.0.jar;C:\powerlogic\jcompany55\repositorio\powerlogic\jcompany\jcompany_modelo\5.5.6\jcompany_modelo-5.5.6.jar;C:\powerlogic\jcompany55\repositorio\hibernate\hibernate-plc\3.2.5.1-GA\hibernate-plc-3.2.5.1-GA.jar;C:\powerlogic\jcompany55\repositorio\hibernate\hibernate-entitymanager\3.2.0\hibernate-entitymanager-3.2.0.jar;C:\powerlogic\jcompany55\repositorio\asm\asm-attrs\1.5.3\asm-attrs-1.5.3.jar;C:\powerlogic\jcompany55\repositorio\jboss\jboss-archive-browsing\5.0.0alpha\jboss-archive-browsing-5.0.0alpha.jar;C:\powerlogic\jcompany55\repositorio\org\jbpm\jbpm4\jbpm-api\4.0\jbpm-api-4.0.jar;C:\powerlogic\jcompany55\repositorio\org\jbpm\jbpm4\jbpm-jpdl\4.0\jbpm-jpdl-4.0.jar;C:\powerlogic\jcompany55\repositorio\org\jbpm\jbpm4\jbpm-pvm\4.0\jbpm-pvm-4.0.jar;C:\powerlogic\jcompany55\repositorio\org\jbpm\jbpm4\jbpm-log\4.0\jbpm-log-4.0.jar;C:\powerlogic\jcompany55\repositorio\org\jbpm\jbpm4\jbpm-test-base\4.0\jbpm-test-base-4.0.jar;C:\powerlogic\jcompany55\repositorio\org\slf4j\slf4j-jdk14\1.5.2\slf4j-jdk14-1.5.2.jar;C:\powerlogic\jcompany55\repositorio\org\apache\ant\ant\1.7.0\ant-1.7.0.jar;C:\powerlogic\jcompany55\repositorio\org\apache\ant\ant-launcher\1.7.0\ant-launcher-1.7.0.jar;C:\powerlogic\jcompany55\repositorio\juel\juel-impl\2.1.0\juel-impl-2.1.0.jar;C:\powerlogic\jcompany55\repositorio\juel\juel-engine\2.1.0\juel-engine-2.1.0.jar;C:\powerlogic\jcompany55\repositorio\org\jboss\identity\idm\idm-core\1.0.0.Beta1\idm-core-1.0.0.Beta1.jar;C:\powerlogic\jcompany55\repositorio\org\jboss\identity\idm\idm-common\1.0.0.Beta1\idm-common-1.0.0.Beta1.jar;C:\powerlogic\jcompany55\repositorio\org\jboss\identity\idm\idm-api\1.0.0.Beta1\idm-api-1.0.0.Beta1.jar;C:\powerlogic\jcompany55\repositorio\org\jboss\identity\idm\idm-spi\1.0.0.Beta1\idm-spi-1.0.0.Beta1.jar;C:\powerlogic\jcompany55\repositorio\org\jboss\identity\idm\idm-hibernate\1.0.0.Beta1\idm-hibernate-1.0.0.Beta1.jar;C:\powerlogic\jcompany55\repositorio\org\slf4j\slf4j-log4j12\1.5.2\slf4j-log4j12-1.5.2.jar;C:\powerlogic\jcompany55\repositorio\org\livetribe\livetribe-jsr223\2.0.5\livetribe-jsr223-2.0.5.jar;C:\powerlogic\jcompany55\repositorio\juel\juel-plc\2.1.0\juel-plc-2.1.0.jar;C:\powerlogic\jcompany55\repositorio\powerlogic\jcompany\jcompany_service\5.5.6\jcompany_service-5.5.6.jar;C:\powerlogic\jcompany55\repositorio\jboss\jaxbintros\jboss-jaxb-intros\1.0.2.GA\jboss-jaxb-intros-1.0.2.GA.jar;C:\powerlogic\jcompany55\repositorio\javax\ejb\ejb-api\3.0\ejb-api-3.0.jar;C:\powerlogic\jcompany55\repositorio\javax\servlet\jsp-api\2.1\jsp-api-2.1.jar;C:\powerlogic\jcompany55\repositorio\jboss\jboss-annotations-ejb\3\jboss-annotations-ejb-3.jar;C:\powerlogic\jcompany55\repositorio\powerlogic\jcompany\jcompany_qa_unidade\5.5.6\jcompany_qa_unidade-5.5.6.jar;C:\powerlogic\jcompany55\repositorio\org\easymock\easymock\2.2\easymock-2.2.jar;C:\powerlogic\jcompany55\repositorio\org\easymock\easymockclassextension\2.2\easymockclassextension-2.2.jar;C:\powerlogic\jcompany55\repositorio\junit\junit\4.5\junit-4.5.jar;C:\powerlogic\jcompany55\repositorio\junit-addons\junit-addons\1.4\junit-addons-1.4.jar;C:\powerlogic\jcompany55\repositorio\com\seventytwomiles\architecture-rules\2.1.1\architecture-rules-2.1.1.jar;C:\powerlogic\jcompany55\repositorio\jdepend\jdepend\2.9.1\jdepend-2.9.1.jar;C:\powerlogic\jcompany55\repositorio\springmodules\springmodules-validation\0.4\springmodules-validation-0.4.jar;C:\powerlogic\jcompany55\repositorio\jboss\javassist\3.0\javassist-3.0.jar;"/>
    <property name="java.specification.name" value="Java Platform API Specification"/>
    <property name="java.class.version" value="50.0"/>
    <property name="sun.management.compiler" value="HotSpot Client Compiler"/>
    <property name="os.version" value="6.2"/>
    <property name="user.home" value="C:\Users\Flavius"/>
    <property name="user.timezone" value=""/>
    <property name="java.awt.printerjob" value="sun.awt.windows.WPrinterJob"/>
    <property name="java.specification.version" value="1.6"/>
    <property name="file.encoding" value="Cp1252"/>
    <property name="user.name" value="Flavius"/>
    <property name="java.class.path" value="C:\powerlogic\jcompany55\meus_projetos\teste_flavius\target\test-classes;C:\powerlogic\jcompany55\meus_projetos\teste_flavius\target\classes;C:\powerlogic\jcompany55\repositorio\powerlogic\jcompany\jcompany_controle_jsf\5.5.6\jcompany_controle_jsf-5.5.6.jar;C:\powerlogic\jcompany55\repositorio\powerlogic\jcompany\jcompany_controle\5.5.6\jcompany_controle-5.5.6.jar;C:\powerlogic\jcompany55\repositorio\powerlogic\jcompany\jcompany_comuns\5.5.6\jcompany_comuns-5.5.6.jar;C:\powerlogic\jcompany55\repositorio\commons-io\commons-io\1.2\commons-io-1.2.jar;C:\powerlogic\jcompany55\repositorio\cglib\cglib\2.1_3\cglib-2.1_3.jar;C:\powerlogic\jcompany55\repositorio\asm\asm\1.5.3\asm-1.5.3.jar;C:\powerlogic\jcompany55\repositorio\commons-logging\commons-logging\1.0.4\commons-logging-1.0.4.jar;C:\powerlogic\jcompany55\repositorio\commons-collections\commons-collections\3.2\commons-collections-3.2.jar;C:\powerlogic\jcompany55\repositorio\commons-logging\commons-logging-api\1.0.4\commons-logging-api-1.0.4.jar;C:\powerlogic\jcompany55\repositorio\commons-digester\commons-digester\1.7\commons-digester-1.7.jar;C:\powerlogic\jcompany55\repositorio\commons-beanutils\commons-beanutils\1.7.0\commons-beanutils-1.7.0.jar;C:\powerlogic\jcompany55\repositorio\commons-lang\commons-lang\2.1\commons-lang-2.1.jar;C:\powerlogic\jcompany55\repositorio\javax\persistence\ejb3-persistence\3.1\ejb3-persistence-3.1.jar;C:\powerlogic\jcompany55\repositorio\hibernate\hibernate-annotations-plc\3.2.0\hibernate-annotations-plc-3.2.0.jar;C:\powerlogic\jcompany55\repositorio\log4j\log4j\1.2.13\log4j-1.2.13.jar;C:\powerlogic\jcompany55\repositorio\aspectwerkz\aspectwerkz\2.0\aspectwerkz-2.0.jar;C:\powerlogic\jcompany55\repositorio\javax\enterprise\cdi-api\1.0-SP1\cdi-api-1.0-SP1.jar;C:\powerlogic\jcompany55\repositorio\org\jboss\interceptor\jboss-interceptor-api\1.1\jboss-interceptor-api-1.1.jar;C:\powerlogic\jcompany55\repositorio\javax\annotation\jsr250-api\1.0\jsr250-api-1.0.jar;C:\powerlogic\jcompany55\repositorio\javax\inject\javax.inject\1\javax.inject-1.jar;C:\powerlogic\jcompany55\repositorio\org\jboss\weld\weld-api\1.0-SP1\weld-api-1.0-SP1.jar;C:\powerlogic\jcompany55\repositorio\org\jboss\weld\weld-spi\1.0-SP1\weld-spi-1.0-SP1.jar;C:\powerlogic\jcompany55\repositorio\org\jboss\weld\weld-core\1.0.1-Final\weld-core-1.0.1-Final.jar;C:\powerlogic\jcompany55\repositorio\javassist\javassist\3.12.0.GA\javassist-3.12.0.GA.jar;C:\powerlogic\jcompany55\repositorio\com\google\collections\google-collections\1.0\google-collections-1.0.jar;C:\powerlogic\jcompany55\repositorio\org\jboss\interceptor\jboss-interceptor\1.0.0-CR11\jboss-interceptor-1.0.0-CR11.jar;C:\powerlogic\jcompany55\repositorio\org\slf4j\slf4j-api\1.5.10\slf4j-api-1.5.10.jar;C:\powerlogic\jcompany55\repositorio\org\slf4j\slf4j-ext\1.5.10\slf4j-ext-1.5.10.jar;C:\powerlogic\jcompany55\repositorio\ch\qos\cal10n\cal10n-api\0.7.2\cal10n-api-0.7.2.jar;C:\powerlogic\jcompany55\repositorio\org\jboss\weld\weld-logging\1.0.0-CR1-SP1\weld-logging-1.0.0-CR1-SP1.jar;C:\powerlogic\jcompany55\repositorio\org\jboss\weld\servlet\weld-servlet-int\1.0.1-Final-plc\weld-servlet-int-1.0.1-Final-plc.jar;C:\powerlogic\jcompany55\repositorio\javax\faces\jsf-api\1.2_09\jsf-api-1.2_09.jar;C:\powerlogic\jcompany55\repositorio\dom4j\dom4j\1.6.1\dom4j-1.6.1.jar;C:\powerlogic\jcompany55\repositorio\xml-apis\xml-apis\1.0.b2\xml-apis-1.0.b2.jar;C:\powerlogic\jcompany55\repositorio\javax\validation\validation-api\1.0.CR4\validation-api-1.0.CR4.jar;C:\powerlogic\jcompany55\repositorio\org\hibernate\hibernate-validator\4.0.0.Beta3\hibernate-validator-4.0.0.Beta3.jar;C:\powerlogic\jcompany55\repositorio\javax\xml\bind\jaxb-api\2.1\jaxb-api-2.1.jar;C:\powerlogic\jcompany55\repositorio\javax\xml\stream\stax-api\1.0-2\stax-api-1.0-2.jar;C:\powerlogic\jcompany55\repositorio\javax\activation\activation\1.1\activation-1.1.jar;C:\powerlogic\jcompany55\repositorio\com\sun\xml\bind\jaxb-impl\2.1.9\jaxb-impl-2.1.9.jar;C:\powerlogic\jcompany55\repositorio\com\thoughtworks\xstream\xstream\1.3.1\xstream-1.3.1.jar;C:\powerlogic\jcompany55\repositorio\xpp3\xpp3_min\1.1.3.4.O\xpp3_min-1.1.3.4.O.jar;C:\powerlogic\jcompany55\repositorio\antlr\antlr\2.7.6\antlr-2.7.6.jar;C:\powerlogic\jcompany55\repositorio\commons-fileupload\commons-fileupload\1.1\commons-fileupload-1.1.jar;C:\powerlogic\jcompany55\repositorio\oro\oro\2.0.8\oro-2.0.8.jar;C:\powerlogic\jcompany55\repositorio\commons-validator\commons-validator\1.2.0\commons-validator-1.2.0.jar;C:\powerlogic\jcompany55\repositorio\com\lowagie\itext\1.3.1\itext-1.3.1.jar;C:\powerlogic\jcompany55\repositorio\jasperreports\commons-javaflow\1.2.4\commons-javaflow-1.2.4.jar;C:\powerlogic\jcompany55\repositorio\javax\servlet\jstl\1.2\jstl-1.2.jar;C:\powerlogic\jcompany55\repositorio\poi\poi\2.5.1-final-20040804\poi-2.5.1-final-20040804.jar;C:\powerlogic\jcompany55\repositorio\struts\struts-el\1.2.7\struts-el-1.2.7.jar;C:\powerlogic\jcompany55\repositorio\struts\struts-plc\1.2.7-2\struts-plc-1.2.7-2.jar;C:\powerlogic\jcompany55\repositorio\org\jboss\resteasy\resteasy-jaxrs\1.1.GA\resteasy-jaxrs-1.1.GA.jar;C:\powerlogic\jcompany55\repositorio\org\jboss\resteasy\jaxrs-api\1.1.GA\jaxrs-api-1.1.GA.jar;C:\powerlogic\jcompany55\repositorio\org\slf4j\slf4j-simple\1.5.8\slf4j-simple-1.5.8.jar;C:\powerlogic\jcompany55\repositorio\org\scannotation\scannotation\1.0.2\scannotation-1.0.2.jar;C:\powerlogic\jcompany55\repositorio\commons-httpclient\commons-httpclient\3.1-beta1\commons-httpclient-3.1-beta1.jar;C:\powerlogic\jcompany55\repositorio\commons-codec\commons-codec\1.2\commons-codec-1.2.jar;C:\powerlogic\jcompany55\repositorio\org\jboss\resteasy\resteasy-jaxb-provider\1.1.GA\resteasy-jaxb-provider-1.1.GA.jar;C:\powerlogic\jcompany55\repositorio\com\sun\xml\fastinfoset\FastInfoset\1.2.7\FastInfoset-1.2.7.jar;C:\powerlogic\jcompany55\repositorio\com\sun\xml\stream\sjsxp\1.0.1\sjsxp-1.0.1.jar;C:\powerlogic\jcompany55\repositorio\org\codehaus\jettison\jettison\1.1\jettison-1.1.jar;C:\powerlogic\jcompany55\repositorio\org\jboss\resteasy\resteasy-atom-provider\1.1.GA\resteasy-atom-provider-1.1.GA.jar;C:\powerlogic\jcompany55\repositorio\net\sf\json-lib\json-lib\2.2.3\json-lib-2.2.3-jdk15.jar;C:\powerlogic\jcompany55\repositorio\net\sf\ezmorph\ezmorph\1.0.6\ezmorph-1.0.6.jar;C:\powerlogic\jcompany55\repositorio\jboss\jbossall-client\3.2.3\jbossall-client-3.2.3.jar;C:\powerlogic\jcompany55\repositorio\org\jboss\seam\jboss-seam\2.2.0.GA\jboss-seam-2.2.0.GA.jar;C:\powerlogic\jcompany55\repositorio\org\jboss\el\jboss-el\1.0_02.CR4\jboss-el-1.0_02.CR4.jar;C:\powerlogic\jcompany55\repositorio\org\jboss\seam\jboss-seam-ui\2.2.0.GA\jboss-seam-ui-2.2.0.GA.jar;C:\powerlogic\jcompany55\repositorio\org\jboss\seam\jboss-seam-jul\2.2.0.GA\jboss-seam-jul-2.2.0.GA.jar;C:\powerlogic\jcompany55\repositorio\org\jboss\seam\jboss-seam-ioc\2.2.0.GA\jboss-seam-ioc-2.2.0.GA.jar;C:\powerlogic\jcompany55\repositorio\javax\faces\jsf-impl\1.2_08\jsf-impl-1.2_08.jar;C:\powerlogic\jcompany55\repositorio\org\apache\myfaces\trinidad\trinidad-api\1.2.13\trinidad-api-1.2.13.jar;C:\powerlogic\jcompany55\repositorio\org\apache\myfaces\trinidad\trinidad-impl\1.2.13\trinidad-impl-1.2.13.jar;C:\powerlogic\jcompany55\repositorio\com\sun\facelets\jsf-facelets\1.1.14\jsf-facelets-1.1.14.jar;C:\powerlogic\jcompany55\repositorio\yarfraw\yarfraw\0.91\yarfraw-0.91.jar;C:\powerlogic\jcompany55\repositorio\javax\servlet\servlet-api\2.5\servlet-api-2.5.jar;C:\powerlogic\jcompany55\repositorio\velocity\velocity\1.5\velocity-1.5.jar;C:\powerlogic\jcompany55\repositorio\powerlogic\comuns\plc-comuns-io\1.2\plc-comuns-io-1.2.jar;C:\powerlogic\jcompany55\repositorio\jregex\jregex\1.2_01\jregex-1.2_01.jar;C:\powerlogic\jcompany55\repositorio\jaxen\jaxen\1.1.1\jaxen-1.1.1.jar;C:\powerlogic\jcompany55\repositorio\jdom\jdom\1.0\jdom-1.0.jar;C:\powerlogic\jcompany55\repositorio\xerces\xercesImpl\2.9.1\xercesImpl-2.9.1.jar;C:\powerlogic\jcompany55\repositorio\xom\xom\1.1\xom-1.1.jar;C:\powerlogic\jcompany55\repositorio\xerces\xmlParserAPIs\2.6.2\xmlParserAPIs-2.6.2.jar;C:\powerlogic\jcompany55\repositorio\xalan\xalan\2.7.0\xalan-2.7.0.jar;C:\powerlogic\jcompany55\meus_projetos\teste_flavius_comuns\target\teste_flavius_comuns.jar;C:\powerlogic\jcompany55\repositorio\powerlogic\jcompany\jcompany_doc\5.5.6\jcompany_doc-5.5.6.jar;C:\powerlogic\jcompany55\repositorio\powerlogic\app\teste_flavius_modelo\1.0\teste_flavius_modelo-1.0.jar;C:\powerlogic\jcompany55\repositorio\powerlogic\jcompany\jcompany_modelo\5.5.6\jcompany_modelo-5.5.6.jar;C:\powerlogic\jcompany55\repositorio\hibernate\hibernate-plc\3.2.5.1-GA\hibernate-plc-3.2.5.1-GA.jar;C:\powerlogic\jcompany55\repositorio\hibernate\hibernate-entitymanager\3.2.0\hibernate-entitymanager-3.2.0.jar;C:\powerlogic\jcompany55\repositorio\asm\asm-attrs\1.5.3\asm-attrs-1.5.3.jar;C:\powerlogic\jcompany55\repositorio\jboss\jboss-archive-browsing\5.0.0alpha\jboss-archive-browsing-5.0.0alpha.jar;C:\powerlogic\jcompany55\repositorio\org\jbpm\jbpm4\jbpm-api\4.0\jbpm-api-4.0.jar;C:\powerlogic\jcompany55\repositorio\org\jbpm\jbpm4\jbpm-jpdl\4.0\jbpm-jpdl-4.0.jar;C:\powerlogic\jcompany55\repositorio\org\jbpm\jbpm4\jbpm-pvm\4.0\jbpm-pvm-4.0.jar;C:\powerlogic\jcompany55\repositorio\org\jbpm\jbpm4\jbpm-log\4.0\jbpm-log-4.0.jar;C:\powerlogic\jcompany55\repositorio\org\jbpm\jbpm4\jbpm-test-base\4.0\jbpm-test-base-4.0.jar;C:\powerlogic\jcompany55\repositorio\org\slf4j\slf4j-jdk14\1.5.2\slf4j-jdk14-1.5.2.jar;C:\powerlogic\jcompany55\repositorio\org\apache\ant\ant\1.7.0\ant-1.7.0.jar;C:\powerlogic\jcompany55\repositorio\org\apache\ant\ant-launcher\1.7.0\ant-launcher-1.7.0.jar;C:\powerlogic\jcompany55\repositorio\juel\juel-impl\2.1.0\juel-impl-2.1.0.jar;C:\powerlogic\jcompany55\repositorio\juel\juel-engine\2.1.0\juel-engine-2.1.0.jar;C:\powerlogic\jcompany55\repositorio\org\jboss\identity\idm\idm-core\1.0.0.Beta1\idm-core-1.0.0.Beta1.jar;C:\powerlogic\jcompany55\repositorio\org\jboss\identity\idm\idm-common\1.0.0.Beta1\idm-common-1.0.0.Beta1.jar;C:\powerlogic\jcompany55\repositorio\org\jboss\identity\idm\idm-api\1.0.0.Beta1\idm-api-1.0.0.Beta1.jar;C:\powerlogic\jcompany55\repositorio\org\jboss\identity\idm\idm-spi\1.0.0.Beta1\idm-spi-1.0.0.Beta1.jar;C:\powerlogic\jcompany55\repositorio\org\jboss\identity\idm\idm-hibernate\1.0.0.Beta1\idm-hibernate-1.0.0.Beta1.jar;C:\powerlogic\jcompany55\repositorio\org\slf4j\slf4j-log4j12\1.5.2\slf4j-log4j12-1.5.2.jar;C:\powerlogic\jcompany55\repositorio\org\livetribe\livetribe-jsr223\2.0.5\livetribe-jsr223-2.0.5.jar;C:\powerlogic\jcompany55\repositorio\juel\juel-plc\2.1.0\juel-plc-2.1.0.jar;C:\powerlogic\jcompany55\repositorio\powerlogic\jcompany\jcompany_service\5.5.6\jcompany_service-5.5.6.jar;C:\powerlogic\jcompany55\repositorio\jboss\jaxbintros\jboss-jaxb-intros\1.0.2.GA\jboss-jaxb-intros-1.0.2.GA.jar;C:\powerlogic\jcompany55\repositorio\javax\ejb\ejb-api\3.0\ejb-api-3.0.jar;C:\powerlogic\jcompany55\repositorio\javax\servlet\jsp-api\2.1\jsp-api-2.1.jar;C:\powerlogic\jcompany55\repositorio\jboss\jboss-annotations-ejb\3\jboss-annotations-ejb-3.jar;C:\powerlogic\jcompany55\repositorio\powerlogic\jcompany\jcompany_qa_unidade\5.5.6\jcompany_qa_unidade-5.5.6.jar;C:\powerlogic\jcompany55\repositorio\org\easymock\easymock\2.2\easymock-2.2.jar;C:\powerlogic\jcompany55\repositorio\org\easymock\easymockclassextension\2.2\easymockclassextension-2.2.jar;C:\powerlogic\jcompany55\repositorio\junit\junit\4.5\junit-4.5.jar;C:\powerlogic\jcompany55\repositorio\junit-addons\junit-addons\1.4\junit-addons-1.4.jar;C:\powerlogic\jcompany55\repositorio\com\seventytwomiles\architecture-rules\2.1.1\architecture-rules-2.1.1.jar;C:\powerlogic\jcompany55\repositorio\jdepend\jdepend\2.9.1\jdepend-2.9.1.jar;C:\powerlogic\jcompany55\repositorio\springmodules\springmodules-validation\0.4\springmodules-validation-0.4.jar;C:\powerlogic\jcompany55\repositorio\jboss\javassist\3.0\javassist-3.0.jar;"/>
    <property name="java.vm.specification.version" value="1.0"/>
    <property name="sun.arch.data.model" value="32"/>
    <property name="java.home" value="C:\powerlogic\jcompany55\java\jre"/>
    <property name="java.specification.vendor" value="Sun Microsystems Inc."/>
    <property name="user.language" value="pt"/>
    <property name="awt.toolkit" value="sun.awt.windows.WToolkit"/>
    <property name="java.vm.info" value="mixed mode"/>
    <property name="java.version" value="1.6.0_10-rc2"/>
    <property name="java.ext.dirs" value="C:\powerlogic\jcompany55\java\jre\lib\ext;C:\Windows\Sun\Java\lib\ext"/>
    <property name="sun.boot.class.path" value="C:\powerlogic\jcompany55\java\jre\lib\resources.jar;C:\powerlogic\jcompany55\java\jre\lib\rt.jar;C:\powerlogic\jcompany55\java\jre\lib\sunrsasign.jar;C:\powerlogic\jcompany55\java\jre\lib\jsse.jar;C:\powerlogic\jcompany55\java\jre\lib\jce.jar;C:\powerlogic\jcompany55\java\jre\lib\charsets.jar;C:\powerlogic\jcompany55\java\jre\classes"/>
    <property name="java.vendor" value="Sun Microsystems Inc."/>
    <property name="localRepository" value="C:\powerlogic\jcompany55/repositorio"/>
    <property name="file.separator" value="\"/>
    <property name="java.vendor.url.bug" value="http://java.sun.com/cgi-bin/bugreport.cgi"/>
    <property name="sun.cpu.endian" value="little"/>
    <property name="sun.io.unicode.encoding" value="UnicodeLittle"/>
    <property name="sun.desktop" value="windows"/>
    <property name="sun.cpu.isalist" value=""/>
  </properties>
</testsuite>